2015-09-21T14:05:04 No difference in NADRA Complaint
2015-09-21T14:05:08 No difference in NADRA Status (2168999).
2015-09-21T14:05:13 No difference in CanadaPost Tracking RT283070501HK.
2015-09-21T14:05:18 No difference in CanadaPost Tracking LN329961060US.
2015-09-21T15:05:05 No difference in NADRA Complaint
2015-09-21T15:05:08 No difference in NADRA Status (2168999).
2015-09-21T15:05:13 No difference in CanadaPost Tracking RT283070501HK.
2015-09-21T15:05:18 No difference in CanadaPost Tracking LN329961060US.
2015-09-21T16:05:04 No difference in NADRA Complaint
2015-09-21T16:05:07 No difference in NADRA Status (2168999).
2015-09-21T16:05:12 No difference in CanadaPost Tracking RT283070501HK.
2015-09-21T16:05:17 No difference in CanadaPost Tracking LN329961060US.
2015-09-21T16:11:05 No difference in NADRA Complaint
2015-09-21T16:11:07 No difference in NADRA Status (2168999).
2015-09-21T16:11:13 No difference in CanadaPost Tracking RT283070501HK.
2015-09-21T16:11:18 No difference in CanadaPost Tracking LN329961060US.
2015-09-21T17:05:04 No difference in NADRA Complaint
2015-09-21T17:05:08 No difference in NADRA Status (2168999).
2015-09-21T17:05:14 No difference in CanadaPost Tracking RT283070501HK.
2015-09-21T17:05:20 No difference in CanadaPost Tracking LN329961060US.
2015-09-21T18:05:03 No difference in NADRA Complaint
2015-09-21T18:05:08 No difference in NADRA Status (2168999).
2015-09-21T18:05:13 No difference in CanadaPost Tracking RT283070501HK.
2015-09-21T18:05:18 No difference in CanadaPost Tracking LN329961060US.
2015-09-21T19:05:03 No difference in NADRA Complaint
2015-09-21T19:05:07 No difference in NADRA Status (2168999).
2015-09-21T19:05:12 No difference in CanadaPost Tracking RT283070501HK.
2015-09-21T19:05:23 No difference in CanadaPost Tracking LN329961060US.
2015-09-21T20:05:04 No difference in NADRA Complaint
2015-09-21T20:05:07 No difference in NADRA Status (2168999).
2015-09-21T20:05:13 No difference in CanadaPost Tracking RT283070501HK.
2015-09-21T20:05:25 No difference in CanadaPost Tracking LN329961060US.
2015-09-21T21:05:03 No difference in NADRA Complaint
2015-09-21T21:05:08 No difference in NADRA Status (2168999).
2015-09-21T21:05:13 No difference in CanadaPost Tracking RT283070501HK.
2015-09-21T21:05:20 No difference in CanadaPost Tracking LN329961060US.
2015-09-21T22:05:04 No difference in NADRA Complaint
2015-09-21T22:05:08 No difference in NADRA Status (2168999).
2015-09-21T22:05:13 No difference in CanadaPost Tracking RT283070501HK.
2015-09-21T22:05:19 No difference in CanadaPost Tracking LN329961060US.
2015-09-21T23:05:05 No difference in NADRA Complaint
2015-09-21T23:05:07 No difference in NADRA Status (2168999).
2015-09-21T23:05:13 No difference in CanadaPost Tracking RT283070501HK.
2015-09-21T23:05:18 No difference in CanadaPost Tracking LN329961060US.
2015-09-22T00:05:04 No difference in NADRA Complaint
2015-09-22T00:05:08 No difference in NADRA Status (2168999).
2015-09-22T00:05:13 No difference in CanadaPost Tracking RT283070501HK.
2015-09-22T00:05:18 No difference in CanadaPost Tracking LN329961060US.
2015-09-22T07:05:05 No difference in NADRA Complaint
2015-09-22T07:05:07 No difference in NADRA Status (2168999).
2015-09-22T07:05:13 No difference in CanadaPost Tracking RT283070501HK.
2015-09-22T07:05:18 Difference found - CanadaPost LN329961060US.
2015-09-22T07:05:18 Attempting to Call IAX2 101. Check CDR reports to see call status.
2015-09-22T07:09:18 Attempting to Call MTF 15879693460. Check CDR reports to see call status.
2015-09-22T08:05:04 No difference in NADRA Complaint
2015-09-22T08:05:08 No difference in NADRA Status (2168999).
2015-09-22T08:05:13 No difference in CanadaPost Tracking RT283070501HK.
2015-09-22T08:05:18 Difference found - CanadaPost LN329961060US.
2015-09-22T08:05:18 Attempting to Call IAX2 101. Check CDR reports to see call status.
2015-09-22T08:09:18 Attempting to Call MTF 15879693460. Check CDR reports to see call status.
2015-09-22T09:05:03 No difference in NADRA Complaint
2015-09-22T09:05:07 No difference in NADRA Status (2168999).
2015-09-22T09:05:12 No difference in CanadaPost Tracking RT283070501HK.
2015-09-22T09:05:18 No difference in CanadaPost Tracking LN329961060US.
2015-09-22T10:05:06 No difference in NADRA Complaint
2015-09-22T10:05:10 No difference in NADRA Status (2168999).
2015-09-22T10:05:16 No difference in CanadaPost Tracking RT283070501HK.
2015-09-22T10:05:21 No difference in CanadaPost Tracking LN329961060US.
2015-09-22T11:05:03 No difference in NADRA Complaint
2015-09-22T11:05:10 No difference in NADRA Status (2168999).
2015-09-22T11:05:15 No difference in CanadaPost Tracking RT283070501HK.
2015-09-22T11:05:20 Difference found - CanadaPost LN329961060US.
2015-09-22T11:05:20 Attempting to Call IAX2 101. Check CDR reports to see call status.
2015-09-22T11:09:20 Attempting to Call MTF 15879693460. Check CDR reports to see call status.
2015-09-22T12:05:04 No difference in NADRA Complaint
2015-09-22T12:05:07 No difference in NADRA Status (2168999).
2015-09-22T12:05:12 No difference in CanadaPost Tracking RT283070501HK.
2015-09-22T12:05:18 No difference in CanadaPost Tracking LN329961060US.
2015-09-22T13:05:04 No difference in NADRA Complaint
2015-09-22T13:05:08 No difference in NADRA Status (2168999).
2015-09-22T13:05:13 No difference in CanadaPost Tracking RT283070501HK.
2015-09-22T13:05:19 No difference in CanadaPost Tracking LN329961060US.
2015-09-22T14:05:04 No difference in NADRA Complaint
2015-09-22T14:05:06 No difference in NADRA Status (2168999).
2015-09-22T14:05:11 No difference in CanadaPost Tracking RT283070501HK.
2015-09-22T14:05:17 No difference in CanadaPost Tracking LN329961060US.
2015-09-22T15:05:03 No difference in NADRA Complaint
2015-09-22T15:05:07 No difference in NADRA Status (2168999).
2015-09-22T15:05:16 No difference in CanadaPost Tracking RT283070501HK.
2015-09-22T15:05:22 No difference in CanadaPost Tracking LN329961060US.
2015-09-22T16:05:03 No difference in NADRA Complaint
2015-09-22T16:05:07 No difference in NADRA Status (2168999).
2015-09-22T16:05:12 No difference in CanadaPost Tracking RT283070501HK.
2015-09-22T16:05:17 Difference found - CanadaPost LN329961060US.
2015-09-22T16:05:18 Attempting to Call IAX2 101. Check CDR reports to see call status.
2015-09-22T16:09:18 Attempting to Call MTF 15879693460. Check CDR reports to see call status.
2015-09-22T17:05:13 No difference in NADRA Complaint
2015-09-22T17:05:20 No difference in NADRA Status (2168999).
2015-09-22T17:05:30 No difference in CanadaPost Tracking RT283070501HK.
2015-09-22T17:05:36 No difference in CanadaPost Tracking LN329961060US.
2015-09-22T18:05:05 No difference in NADRA Complaint
2015-09-22T18:05:09 No difference in NADRA Status (2168999).
2015-09-22T18:05:15 No difference in CanadaPost Tracking RT283070501HK.
2015-09-22T18:05:22 No difference in CanadaPost Tracking LN329961060US.
2015-09-22T19:05:05 No difference in NADRA Complaint
2015-09-22T19:05:08 No difference in NADRA Status (2168999).
2015-09-22T19:05:13 No difference in CanadaPost Tracking RT283070501HK.
2015-09-22T19:05:19 No difference in CanadaPost Tracking LN329961060US.
2015-09-22T20:05:05 No difference in NADRA Complaint
2015-09-22T20:05:08 No difference in NADRA Status (2168999).
2015-09-22T20:05:13 No difference in CanadaPost Tracking RT283070501HK.
2015-09-22T20:05:19 No difference in CanadaPost Tracking LN329961060US.
2015-09-22T21:05:07 No difference in NADRA Complaint
2015-09-22T21:05:09 No difference in NADRA Status (2168999).
2015-09-22T21:05:15 No difference in CanadaPost Tracking RT283070501HK.
2015-09-22T21:05:22 No difference in CanadaPost Tracking LN329961060US.
2015-09-22T22:05:04 No difference in NADRA Complaint
2015-09-22T22:05:08 No difference in NADRA Status (2168999).
2015-09-22T22:05:14 No difference in CanadaPost Tracking RT283070501HK.
2015-09-22T22:05:29 No difference in CanadaPost Tracking LN329961060US.
2015-09-22T23:05:04 No difference in NADRA Complaint
2015-09-22T23:05:08 No difference in NADRA Status (2168999).
2015-09-22T23:05:13 No difference in CanadaPost Tracking RT283070501HK.
2015-09-22T23:05:20 No difference in CanadaPost Tracking LN329961060US.
2015-09-23T00:05:04 No difference in NADRA Complaint
2015-09-23T00:05:07 No difference in NADRA Status (2168999).
2015-09-23T00:05:19 No difference in CanadaPost Tracking RT283070501HK.
2015-09-23T00:05:25 No difference in CanadaPost Tracking LN329961060US.
2015-09-23T07:05:04 No difference in NADRA Complaint
2015-09-23T07:05:07 No difference in NADRA Status (2168999).
2015-09-23T07:05:12 No difference in CanadaPost Tracking RT283070501HK.
2015-09-23T07:05:18 No difference in CanadaPost Tracking LN329961060US.
2015-09-23T08:05:04 No difference in NADRA Complaint
2015-09-23T08:05:08 No difference in NADRA Status (2168999).
2015-09-23T08:05:13 No difference in CanadaPost Tracking RT283070501HK.
2015-09-23T08:05:19 No difference in CanadaPost Tracking LN329961060US.
2015-09-23T09:05:04 No difference in NADRA Complaint
2015-09-23T09:05:07 No difference in NADRA Status (2168999).
2015-09-23T09:05:15 No difference in CanadaPost Tracking RT283070501HK.
2015-09-23T09:05:22 No difference in CanadaPost Tracking LN329961060US.
2015-09-23T10:05:03 No difference in NADRA Complaint
2015-09-23T10:05:08 No difference in NADRA Status (2168999).
2015-09-23T10:05:13 No difference in CanadaPost Tracking RT283070501HK.
2015-09-23T10:05:19 No difference in CanadaPost Tracking LN329961060US.
2015-09-23T11:05:04 No difference in NADRA Complaint
2015-09-23T11:05:07 No difference in NADRA Status (2168999).
2015-09-23T11:05:12 No difference in CanadaPost Tracking RT283070501HK.
2015-09-23T11:05:18 No difference in CanadaPost Tracking LN329961060US.
2015-09-23T12:05:04 No difference in NADRA Complaint
2015-09-23T12:05:08 No difference in NADRA Status (2168999).
2015-09-23T12:05:15 No difference in CanadaPost Tracking RT283070501HK.
2015-09-23T12:05:21 No difference in CanadaPost Tracking LN329961060US.
2015-09-23T13:05:04 No difference in NADRA Complaint
2015-09-23T13:05:07 No difference in NADRA Status (2168999).
2015-09-23T13:05:12 No difference in CanadaPost Tracking RT283070501HK.
2015-09-23T13:05:18 No difference in CanadaPost Tracking LN329961060US.
2015-09-23T14:05:03 No difference in NADRA Complaint
2015-09-23T14:05:07 No difference in NADRA Status (2168999).
2015-09-23T14:05:12 No difference in CanadaPost Tracking RT283070501HK.
2015-09-23T14:05:19 No difference in CanadaPost Tracking LN329961060US.
2015-09-23T15:05:04 No difference in NADRA Complaint
2015-09-23T15:05:06 No difference in NADRA Status (2168999).
2015-09-23T15:05:13 No difference in CanadaPost Tracking RT283070501HK.
2015-09-23T15:05:18 No difference in CanadaPost Tracking LN329961060US.
2015-09-23T16:05:04 No difference in NADRA Complaint
2015-09-23T16:05:07 No difference in NADRA Status (2168999).
2015-09-23T16:05:13 No difference in CanadaPost Tracking RT283070501HK.
2015-09-23T16:05:19 No difference in CanadaPost Tracking LN329961060US.
2015-09-23T17:05:04 No difference in NADRA Complaint
2015-09-23T17:05:07 No difference in NADRA Status (2168999).
2015-09-23T17:05:12 No difference in CanadaPost Tracking RT283070501HK.
2015-09-23T17:05:19 No difference in CanadaPost Tracking LN329961060US.
2015-09-23T18:05:04 No difference in NADRA Complaint
2015-09-23T18:05:08 No difference in NADRA Status (2168999).
2015-09-23T18:05:16 No difference in CanadaPost Tracking RT283070501HK.
2015-09-23T18:05:22 No difference in CanadaPost Tracking LN329961060US.
2015-09-23T19:05:04 No difference in NADRA Complaint
2015-09-23T19:05:07 No difference in NADRA Status (2168999).
2015-09-23T19:05:12 No difference in CanadaPost Tracking RT283070501HK.
2015-09-23T19:05:18 No difference in CanadaPost Tracking LN329961060US.
2015-09-23T20:05:05 No difference in NADRA Complaint
2015-09-23T20:05:08 No difference in NADRA Status (2168999).
2015-09-23T20:05:13 No difference in CanadaPost Tracking RT283070501HK.
2015-09-23T20:05:20 No difference in CanadaPost Tracking LN329961060US.
2015-09-23T22:05:03 No difference in NADRA Complaint
2015-09-23T22:05:08 No difference in NADRA Status (2168999).
2015-09-23T22:05:13 No difference in CanadaPost Tracking RT283070501HK.
2015-09-23T22:05:19 No difference in CanadaPost Tracking LN329961060US.
2015-09-23T23:05:04 No difference in NADRA Complaint
2015-09-23T23:05:08 No difference in NADRA Status (2168999).
2015-09-23T23:05:14 No difference in CanadaPost Tracking RT283070501HK.
2015-09-23T23:05:20 No difference in CanadaPost Tracking LN329961060US.
2015-09-24T00:05:05 No difference in NADRA Complaint
2015-09-24T00:05:09 No difference in NADRA Status (2168999).
2015-09-24T00:05:14 No difference in CanadaPost Tracking RT283070501HK.
2015-09-24T00:05:25 No difference in CanadaPost Tracking LN329961060US.
2015-09-24T07:05:05 No difference in NADRA Complaint
2015-09-24T07:05:09 No difference in NADRA Status (2168999).
2015-09-24T07:05:14 No difference in CanadaPost Tracking RT283070501HK.
2015-09-24T07:05:20 No difference in CanadaPost Tracking LN329961060US.
2015-09-24T08:05:05 No difference in NADRA Complaint
2015-09-24T08:05:09 No difference in NADRA Status (2168999).
2015-09-24T08:05:14 No difference in CanadaPost Tracking RT283070501HK.
2015-09-24T08:05:20 No difference in CanadaPost Tracking LN329961060US.
2015-09-24T09:05:04 No difference in NADRA Complaint
2015-09-24T09:05:08 No difference in NADRA Status (2168999).
2015-09-24T09:05:13 No difference in CanadaPost Tracking RT283070501HK.
2015-09-24T09:05:19 No difference in CanadaPost Tracking LN329961060US.
2015-09-24T10:05:04 No difference in NADRA Complaint
2015-09-24T10:05:07 No difference in NADRA Status (2168999).
2015-09-24T10:05:12 No difference in CanadaPost Tracking RT283070501HK.
2015-09-24T10:05:17 No difference in CanadaPost Tracking LN329961060US.
2015-09-24T11:05:04 No difference in NADRA Complaint
2015-09-24T11:05:07 No difference in NADRA Status (2168999).
2015-09-24T11:05:12 No difference in CanadaPost Tracking RT283070501HK.
2015-09-24T11:05:17 No difference in CanadaPost Tracking LN329961060US.
2015-09-24T12:05:04 No difference in NADRA Complaint
2015-09-24T12:05:07 No difference in NADRA Status (2168999).
2015-09-24T12:05:13 No difference in CanadaPost Tracking RT283070501HK.
2015-09-24T12:05:18 No difference in CanadaPost Tracking LN329961060US.
2015-09-24T12:32:09 Difference found - NADRA Complaint.
2015-09-24T12:32:10 Attempting to Call MTF 15879693460. Check CDR reports to see call status.
2015-09-24T12:36:13 Difference found - NADRA Complaint.
2015-09-24T12:36:14 Attempting to Call MTF 15879693460. Check CDR reports to see call status.
2015-09-24T12:40:14 Updating NADRA original.
2015-09-24T12:40:17 Difference found - NADRA Status (2168999).
2015-09-24T12:40:18 Attempting to Call IAX2 101. Check CDR reports to see call status.
2015-09-24T12:44:18 Attempting to Call MTF 15879693460. Check CDR reports to see call status.
2015-09-24T12:44:19 Updating NADRA status original.
2015-09-24T12:49:26 Difference found - NADRA Complaint.
2015-09-24T12:49:27 Attempting to Call MTF 15879693460. Check CDR reports to see call status.
2015-09-24T12:53:27 Updating NADRA original.
2015-09-24T13:05:02 No difference in NADRA Complaint
2015-09-24T13:05:04 Difference found - NADRA Status (2168999).
2015-09-24T13:05:05 Attempting to Call IAX2 101. Check CDR reports to see call status.
2015-09-24T13:09:06 Attempting to Call MTF 15879693460. Check CDR reports to see call status.
2015-09-24T13:09:07 Updating NADRA status original.
2015-09-24T13:09:12 No difference in CanadaPost Tracking RT283070501HK.
2015-09-24T13:09:17 No difference in CanadaPost Tracking LN329961060US.
